<?xml version="1.0" encoding="UTF-8"?>
<!-- Generated by org.testng.reporters.JUnitReportReporter -->
<testsuite hostname="LAPTOP-OLBVP6PU" failures="0" tests="1" name="genericlibrary.BaseClass" time="7.437" errors="0" timestamp="2022-08-18T23:08:15 IST" skipped="0">
  <testcase classname="genericlibrary.BaseClass" name="display" time="7.437"/>
  <system-out/>
</testsuite> <!-- genericlibrary.BaseClass -->
