<?xml version="1.0" encoding="UTF-8"?>
<!-- Generated by org.testng.reporters.JUnitReportReporter -->
<testsuite hostname="DESKTOP-DONVM24" failures="0" tests="1" name="scripts.Testcase02" time="9.619" errors="0" timestamp="2022-07-22T19:22:06 IST" skipped="0">
  <testcase classname="scripts.Testcase02" name="Tc02" time="9.619"/>
  <system-out/>
</testsuite> <!-- scripts.Testcase02 -->
